<?xml version="1.0" encoding="UTF-8"?>
<!-- Generated by org.testng.reporters.JUnitReportReporter -->
<testsuite skipped="0" hostname="DESKTOP-A4ESFCN" name="testcasePakageAdvance.Tescase002_CheckboxRadioButton" tests="1" failures="0" timestamp="2022-03-22T23:06:59 BDT" time="20.046" errors="0">
  <testcase name="CheckBoxAndRadioButtonInFrame" time="20.046" classname="testcasePakageAdvance.Tescase002_CheckboxRadioButton"/>
  <system-out/>
</testsuite> <!-- testcasePakageAdvance.Tescase002_CheckboxRadioButton -->
