<?xml version="1.0" encoding="UTF-8"?>
<!-- Generated by org.testng.reporters.JUnitReportReporter -->
<testsuite hostname="DESKTOP-A4ESFCN" failures="0" tests="1" name="testCaseManager.Testcase009_Popup" time="19.150" errors="0" timestamp="2022-03-18T13:03:37 BDT" skipped="0">
  <testcase classname="testCaseManager.Testcase009_Popup" name="alertHandlingCheck" time="19.150"/>
  <system-out/>
</testsuite> <!-- testCaseManager.Testcase009_Popup -->
