<?xml version="1.0" encoding="UTF-8"?>
<!-- Generated by org.testng.reporters.JUnitReportReporter -->
<testsuite skipped="0" hostname="DESKTOP-A4ESFCN" name="testcasePakageAdvance.Testcase010KeyboardEvent" tests="1" failures="0" timestamp="2022-03-28T13:08:13 BDT" time="31.993" errors="0">
  <testcase name="KeyboardEventCheck" time="31.993" classname="testcasePakageAdvance.Testcase010KeyboardEvent"/>
  <system-out/>
</testsuite> <!-- testcasePakageAdvance.Testcase010KeyboardEvent -->
