<?xml version="1.0" encoding="UTF-8"?>
<!-- Generated by org.testng.reporters.JUnitReportReporter -->
<testsuite hostname="DESKTOP-A4ESFCN" failures="0" tests="1" name="testCaseManager.Testcase010_KeyboadEvent" time="24.138" errors="0" timestamp="2022-03-18T13:02:53 BDT" skipped="0">
  <testcase classname="testCaseManager.Testcase010_KeyboadEvent" name="KeyboardEventCheck" time="24.138"/>
  <system-out/>
</testsuite> <!-- testCaseManager.Testcase010_KeyboadEvent -->
