<?xml version="1.0" encoding="UTF-8"?>
<!-- Generated by org.testng.reporters.JUnitReportReporter -->
<testsuite hostname="DESKTOP-A4ESFCN" failures="0" tests="1" name="testCaseManager.Testcase007_DragAndDrop" time="11.769" errors="0" timestamp="2022-03-18T13:04:39 BDT" skipped="0">
  <testcase classname="testCaseManager.Testcase007_DragAndDrop" name="dragAndDropCheck" time="11.769"/>
  <system-out/>
</testsuite> <!-- testCaseManager.Testcase007_DragAndDrop -->
