<?xml version="1.0" encoding="UTF-8"?>
<!-- Generated by org.testng.reporters.JUnitReportReporter -->
<testsuite hostname="DESKTOP-A4ESFCN" failures="0" tests="1" name="testCaseManager.Testcase004_refresh" time="21.603" errors="0" timestamp="2022-03-18T13:06:54 BDT" skipped="0">
  <testcase classname="testCaseManager.Testcase004_refresh" name="refreshPage" time="21.603"/>
  <system-out/>
</testsuite> <!-- testCaseManager.Testcase004_refresh -->
