<?xml version="1.0" encoding="UTF-8"?>
<!-- Generated by org.testng.reporters.JUnitReportReporter -->
<testsuite skipped="0" hostname="DESKTOP-A4ESFCN" name="testcasePakageAdvance.Testcase001_verifyTitlePage" tests="2" failures="0" timestamp="2022-03-25T16:29:26 BDT" time="8.276" errors="0">
  <testcase name="verifyPageTilte" time="8.174" classname="testcasePakageAdvance.Testcase001_verifyTitlePage"/>
  <system-out/>
  <testcase name="websiteIsSecure" time="0.102" classname="testcasePakageAdvance.Testcase001_verifyTitlePage"/>
  <system-out/>
</testsuite> <!-- testcasePakageAdvance.Testcase001_verifyTitlePage -->
