<?xml version="1.0" encoding="UTF-8"?>
<!-- Generated by org.testng.reporters.JUnitReportReporter -->
<testsuite hostname="DESKTOP-A4ESFCN" failures="0" tests="2" name="testCaseManager.Testcase001_verifyTitle" time="3.851" errors="0" timestamp="2022-03-18T11:11:09 BDT" skipped="0">
  <testcase classname="testCaseManager.Testcase001_verifyTitle" name="verifyPageTilte" time="3.797"/>
  <system-out/>
  <testcase classname="testCaseManager.Testcase001_verifyTitle" name="websiteIsSecure" time="0.054"/>
  <system-out/>
</testsuite> <!-- testCaseManager.Testcase001_verifyTitle -->
